<?xml version="1.0" encoding="UTF-8"?>
<!-- Generated by org.testng.reporters.JUnitReportReporter -->
<testsuite hostname="DESKTOP-3V1MGMI" failures="0" tests="1" name="restasssured.Deleterequest" time="4.644" errors="0" timestamp="2024-07-24T16:12:49 IST" skipped="0">
  <testcase classname="restasssured.Deleterequest" name="test05" time="4.644"/>
</testsuite> <!-- restasssured.Deleterequest -->
