<?xml version="1.0" encoding="UTF-8"?>
<!-- Generated by org.testng.reporters.JUnitReportReporter -->
<testsuite hostname="DESKTOP-3V1MGMI" failures="0" tests="1" name="session1.Authorizationdemo" time="5.074" errors="0" timestamp="2024-05-30T14:26:16 IST" skipped="0">
  <testcase classname="session1.Authorizationdemo" name="GetWeatherData" time="5.074"/>
</testsuite> <!-- session1.Authorizationdemo -->
