<?xml version="1.0" encoding="UTF-8"?>
<!-- Generated by org.testng.reporters.JUnitReportReporter -->
<testsuite hostname="DESKTOP-3V1MGMI" failures="0" tests="2" name="session1.BasicAuth" time="5.686" errors="0" timestamp="2024-05-28T18:13:34 IST" skipped="0">
  <testcase classname="session1.BasicAuth" name="DigestAuth" time="1.523"/>
  <testcase classname="session1.BasicAuth" name="Basicauth" time="4.163"/>
</testsuite> <!-- session1.BasicAuth -->
