<?xml version="1.0" encoding="UTF-8"?>
<!-- Generated by org.testng.reporters.JUnitReportReporter -->
<testsuite hostname="DESKTOP-3V1MGMI" failures="0" tests="1" name="session1.CheckforvalidHeader" time="3.433" errors="0" timestamp="2024-05-26T13:55:47 IST" skipped="0">
  <testcase classname="session1.CheckforvalidHeader" name="Getsingleuser" time="3.433"/>
</testsuite> <!-- session1.CheckforvalidHeader -->
