<?xml version="1.0" encoding="UTF-8"?>
<!-- Generated by org.testng.reporters.JUnitReportReporter -->
<testsuite hostname="DESKTOP-3V1MGMI" failures="0" tests="1" name="session1.BearerToken" time="4.030" errors="0" timestamp="2024-05-29T15:40:02 IST" skipped="0">
  <testcase classname="session1.BearerToken" name="BearerToken" time="4.030"/>
</testsuite> <!-- session1.BearerToken -->
