<?xml version="1.0" encoding="UTF-8"?>
<!-- Generated by org.testng.reporters.JUnitReportReporter -->
<testsuite hostname="DESKTOP-3V1MGMI" failures="0" tests="1" name="session1.Queryparameterdemo" time="3.438" errors="0" timestamp="2024-05-28T12:08:40 IST" skipped="0">
  <testcase classname="session1.Queryparameterdemo" name="filterData" time="3.438"/>
</testsuite> <!-- session1.Queryparameterdemo -->
