<?xml version="1.0" encoding="UTF-8"?>
<!-- Generated by org.testng.reporters.JUnitReportReporter -->
<testsuite hostname="DESKTOP-3V1MGMI" failures="0" tests="3" name="session1.Checkforvalidresponse" time="3.564" errors="0" timestamp="2024-05-27T17:59:59 IST" skipped="2">
  <testcase classname="session1.Checkforvalidresponse" name="Getsingleuser_BDDstyle" time="3.564"/>
  <testcase classname="session1.Checkforvalidresponse" name="GetSingleusingvalidateresponse">
    <skipped/>
  </testcase> <!-- GetSingleusingvalidateresponse -->
  <testcase classname="session1.Checkforvalidresponse" name="singleuser">
    <skipped/>
  </testcase> <!-- singleuser -->
</testsuite> <!-- session1.Checkforvalidresponse -->
